<?xml version="1.0" encoding="UTF-8"?>
<!-- Generated by org.testng.reporters.JUnitReportReporter -->
<testsuite hostname="SURESHKRISHNAN" name="com.qa.ebay.testcases.ElectronicsPageTest" tests="3" failures="0" timestamp="12 Mar 2018 23:09:26 GMT" time="56.379" errors="0">
  <testcase name="CellphoneLinkSelectionTest" time="17.397" classname="com.qa.ebay.testcases.ElectronicsPageTest"/>
  <testcase name="verifyElectronicspagetitleTest" time="18.805" classname="com.qa.ebay.testcases.ElectronicsPageTest"/>
  <testcase name="SamsungLinkSelectionTest" time="20.177" classname="com.qa.ebay.testcases.ElectronicsPageTest"/>
</testsuite> <!-- com.qa.ebay.testcases.ElectronicsPageTest -->
