<?xml version="1.0" encoding="UTF-8"?>
<!-- Generated by org.testng.reporters.JUnitReportReporter -->
<testsuite hostname="SURESHKRISHNAN" name="com.qa.ebay.testcases.HomePageTest" tests="1" failures="0" timestamp="12 Mar 2018 23:09:26 GMT" time="18.084" errors="0">
  <testcase name="ValidateHomeTitleTest" time="18.084" classname="com.qa.ebay.testcases.HomePageTest"/>
</testsuite> <!-- com.qa.ebay.testcases.HomePageTest -->
