<?xml version="1.0" encoding="UTF-8"?>
<!-- Generated by org.testng.reporters.JUnitReportReporter -->
<testsuite hostname="SURESHKRISHNAN" name="com.qa.ebay.testcases.CategoriesTest" tests="1" failures="0" timestamp="13 Mar 2018 15:02:10 GMT" time="44.648" errors="0">
  <testcase name="selects8searchresult1Test" time="44.648" classname="com.qa.ebay.testcases.CategoriesTest"/>
</testsuite> <!-- com.qa.ebay.testcases.CategoriesTest -->
