<?xml version="1.0" encoding="UTF-8"?>
<!-- Generated by org.testng.reporters.JUnitReportReporter -->
<testsuite hostname="SURESHKRISHNAN" name="com.qa.ebay.testcases.SamsungcellphoneandsamortphoneTest" tests="2" failures="0" timestamp="12 Mar 2018 23:09:26 GMT" time="48.822" errors="0">
  <testcase name="submitsearchTest" time="28.680" classname="com.qa.ebay.testcases.SamsungcellphoneandsamortphoneTest"/>
  <testcase name="Validates8searchTest" time="20.142" classname="com.qa.ebay.testcases.SamsungcellphoneandsamortphoneTest"/>
</testsuite> <!-- com.qa.ebay.testcases.SamsungcellphoneandsamortphoneTest -->
